<?xml version="1.0" encoding="UTF-8"?>
<!-- Generated by org.testng.reporters.JUnitXMLReporter -->
<testsuite hostname="Guanmings-MacBook-Pro.local" name="Default test" tests="3" failures="0" timestamp="25 Oct 2016 04:10:39 GMT" time="0.109" errors="0">
  <testcase name="FlightBooking" time="0.012" classname="Banking.AppTest"/>
  <testcase name="FlightCancel" time="0.002" classname="Banking.AppTest"/>
  <testcase name="OpeningBrowser" time="0.012" classname="Banking.AppTest"/>
</testsuite> <!-- Default test -->
