<?xml version="1.0" encoding="UTF-8" ?>
<testsuite tests="3" failures="1" name="Banking.AppTest" time="0.151" errors="0" skipped="0">
  <properties>
[...]
</properties>
  <testcase classname="Banking.AppTest" name="FlightBooking" time="0.002"/>
  <testcase classname="Banking.AppTest" name="FlightCancel" time="0"/>
  <testcase classname="Banking.AppTest" name="OpeningBrowser" time="0.149">
    <failure message="The path to the driver executable must be set by the webdriver.gecko.driver system property; for more information, see https://github.com/mozilla/geckodriver. The latest version can be downloaded from https://github.com/mozilla/geckodriver/releases" type="java.lang.IllegalStateException">java.lang.IllegalStateException: The path to the driver executable must be set by the webdriver.gecko.driver system property; for more information, see https://github.com/mozilla/geckodriver. The latest version can be downloaded from https://github.com/mozilla/geckodriver/releases
	at com.google.common.base.Preconditions.checkState(Preconditions.java:199)
	at org.openqa.selenium.remote.service.DriverService.findExecutable(DriverService.java:109)
	at org.openqa.selenium.firefox.GeckoDriverService.access$000(GeckoDriverService.java:37)
	at org.openqa.selenium.firefox.GeckoDriverService$Builder.findDefaultExecutable(GeckoDriverService.java:95)
	at org.openqa.selenium.remote.service.DriverService$Builder.build(DriverService.java:296)
	at org.openqa.selenium.firefox.FirefoxDriver.createCommandExecutor(FirefoxDriver.java:277)
	at org.openqa.selenium.firefox.FirefoxDriver.&lt;init&gt;(FirefoxDriver.java:247)
	at org.openqa.selenium.firefox.FirefoxDriver.&lt;init&gt;(FirefoxDriver.java:242)
	at org.openqa.selenium.firefox.FirefoxDriver.&lt;init&gt;(FirefoxDriver.java:238)
	at org.openqa.selenium.firefox.FirefoxDriver.&lt;init&gt;(FirefoxDriver.java:127)
	at Banking.AppTest.OpeningBrowser(AppTest.java:40)
</failure>
    <system-out>This block executes after each Test
This block executes before each Test
Executing Test 2
</system-out>
  </testcase>
</testsuite>