<?xml version="1.0" encoding="UTF-8"?>
<testng-results skipped="0" failed="1" total="13" passed="12">
  <reporter-output>
  </reporter-output>
  <suite name="Automatio Test" duration-ms="148" started-at="2016-10-25T04:25:06Z" finished-at="2016-10-25T04:25:06Z">
    <groups>
      <group name="Priority1">
        <method signature="Annotations.FlightBooking()[pri:0, instance:packTwo.Annotations@14bf9759]" name="FlightBooking" class="packTwo.Annotations"/>
      </group> <!-- Priority1 -->
      <group name="Priority2">
        <method signature="Annotations.FlightCancel()[pri:0, instance:packTwo.Annotations@14bf9759]" name="FlightCancel" class="packTwo.Annotations"/>
      </group> <!-- Priority2 -->
    </groups>
    <test name="Smoke Testcases" duration-ms="148" started-at="2016-10-25T04:25:06Z" finished-at="2016-10-25T04:25:06Z">
      <class name="testngFiles.Annotations">
        <test-method status="FAIL" signature="FlightBooking(java.lang.String)[pri:0, instance:testngFiles.Annotations@3c0ecd4b]" name="FlightBooking" duration-ms="0" started-at="2016-10-24T21:25:06Z" finished-at="2016-10-24T21:25:06Z">
          <exception class="org.testng.TestNGException">
            <message>
              <![CDATA[
Parameter 'adminUserid' is required by @Test on method FlightBooking but has not been marked @Optional or defined
in /Users/Bob/Desktop/maven2/DebitCards/testng.xml]]>
            </message>
            <full-stacktrace>
              <![CDATA[org.testng.TestNGException: 
Parameter 'adminUserid' is required by @Test on method FlightBooking but has not been marked @Optional or defined
in /Users/Bob/Desktop/maven2/DebitCards/testng.xml
	at org.testng.internal.Parameters.createParameters(Parameters.java:156)
	at org.testng.internal.Parameters.createParameters(Parameters.java:370)
	at org.testng.internal.Parameters.handleParameters(Parameters.java:495)
	at org.testng.internal.Invoker.handleParameters(Invoker.java:1253)
	at org.testng.internal.Invoker.createParameters(Invoker.java:980)
	at org.testng.internal.Invoker.invokeTestMethods(Invoker.java:1070)
	at org.testng.internal.TestMethodWorker.invokeTestMethods(TestMethodWorker.java:129)
	at org.testng.internal.TestMethodWorker.run(TestMethodWorker.java:112)
	at org.testng.TestRunner.privateRun(TestRunner.java:753)
	at org.testng.TestRunner.run(TestRunner.java:607)
	at org.testng.SuiteRunner.runTest(SuiteRunner.java:368)
	at org.testng.SuiteRunner.runSequentially(SuiteRunner.java:363)
	at org.testng.SuiteRunner.privateRun(SuiteRunner.java:321)
	at org.testng.SuiteRunner.run(SuiteRunner.java:270)
	at org.testng.SuiteRunnerWorker.runSuite(SuiteRunnerWorker.java:52)
	at org.testng.SuiteRunnerWorker.run(SuiteRunnerWorker.java:86)
	at org.testng.TestNG.runSuitesSequentially(TestNG.java:1284)
	at org.testng.TestNG.runSuitesLocally(TestNG.java:1209)
	at org.testng.TestNG.runSuites(TestNG.java:1124)
	at org.testng.TestNG.run(TestNG.java:1096)
	at org.testng.remote.AbstractRemoteTestNG.run(AbstractRemoteTestNG.java:132)
	at org.testng.remote.RemoteTestNG.initAndRun(RemoteTestNG.java:236)
	at org.testng.remote.RemoteTestNG.main(RemoteTestNG.java:81)
]]>
            </full-stacktrace>
          </exception> <!-- org.testng.TestNGException -->
          <reporter-output>
          </reporter-output>
        </test-method> <!-- FlightBooking -->
        <test-method status="PASS" signature="OpeningBrowser()[pri:0, instance:testngFiles.Annotations@3c0ecd4b]" name="OpeningBrowser" duration-ms="2" started-at="2016-10-24T21:25:06Z" finished-at="2016-10-24T21:25:06Z">
          <reporter-output>
          </reporter-output>
        </test-method> <!-- OpeningBrowser -->
        <test-method status="PASS" signature="UseridGeneration()[pri:0, instance:testngFiles.Annotations@3c0ecd4b]" name="UseridGeneration" is-config="true" duration-ms="0" started-at="2016-10-24T21:25:06Z" finished-at="2016-10-24T21:25:06Z">
          <reporter-output>
          </reporter-output>
        </test-method> <!-- UseridGeneration -->
        <test-method status="PASS" signature="Reportadding()[pri:0, instance:testngFiles.Annotations@3c0ecd4b]" name="Reportadding" is-config="true" duration-ms="0" started-at="2016-10-24T21:25:06Z" finished-at="2016-10-24T21:25:06Z">
          <reporter-output>
          </reporter-output>
        </test-method> <!-- Reportadding -->
      </class> <!-- testngFiles.Annotations -->
      <class name="packTwo.Annot2">
        <test-method status="PASS" signature="installsoftware()[pri:0, instance:packTwo.Annot2@598067a5]" name="installsoftware" is-config="true" duration-ms="9" started-at="2016-10-24T21:25:06Z" finished-at="2016-10-24T21:25:06Z">
          <reporter-output>
          </reporter-output>
        </test-method> <!-- installsoftware -->
        <test-method status="PASS" signature="installsoftware()[pri:0, instance:testngFiles.Annot2@31ef45e3]" name="installsoftware" is-config="true" duration-ms="0" started-at="2016-10-24T21:25:06Z" finished-at="2016-10-24T21:25:06Z">
          <reporter-output>
          </reporter-output>
        </test-method> <!-- installsoftware -->
        <test-method status="PASS" signature="software()[pri:0, instance:packTwo.Annot2@598067a5]" name="software" duration-ms="8" started-at="2016-10-24T21:25:06Z" finished-at="2016-10-24T21:25:06Z">
          <reporter-output>
          </reporter-output>
        </test-method> <!-- software -->
        <test-method status="PASS" signature="deinstallsoftware()[pri:0, instance:testngFiles.Annot2@31ef45e3]" name="deinstallsoftware" is-config="true" duration-ms="0" started-at="2016-10-24T21:25:06Z" finished-at="2016-10-24T21:25:06Z">
          <reporter-output>
          </reporter-output>
        </test-method> <!-- deinstallsoftware -->
        <test-method status="PASS" signature="deinstallsoftware()[pri:0, instance:packTwo.Annot2@598067a5]" name="deinstallsoftware" is-config="true" duration-ms="0" started-at="2016-10-24T21:25:06Z" finished-at="2016-10-24T21:25:06Z">
          <reporter-output>
          </reporter-output>
        </test-method> <!-- deinstallsoftware -->
      </class> <!-- packTwo.Annot2 -->
      <class name="testngFiles.Annot2">
        <test-method status="PASS" signature="software()[pri:0, instance:testngFiles.Annot2@31ef45e3]" name="software" duration-ms="5" started-at="2016-10-24T21:25:06Z" finished-at="2016-10-24T21:25:06Z">
          <reporter-output>
          </reporter-output>
        </test-method> <!-- software -->
      </class> <!-- testngFiles.Annot2 -->
      <class name="packTwo.Annotations">
        <test-method status="PASS" signature="Cookies()[pri:0, instance:testngFiles.Annotations@3c0ecd4b]" name="Cookies" is-config="true" duration-ms="0" started-at="2016-10-24T21:25:06Z" finished-at="2016-10-24T21:25:06Z">
          <reporter-output>
          </reporter-output>
        </test-method> <!-- Cookies -->
        <test-method status="PASS" signature="Cookies()[pri:0, instance:packTwo.Annotations@14bf9759]" name="Cookies" is-config="true" duration-ms="0" started-at="2016-10-24T21:25:06Z" finished-at="2016-10-24T21:25:06Z">
          <reporter-output>
          </reporter-output>
        </test-method> <!-- Cookies -->
        <test-method status="PASS" signature="FlightBooking()[pri:0, instance:packTwo.Annotations@14bf9759]" name="FlightBooking" duration-ms="3" started-at="2016-10-24T21:25:06Z" finished-at="2016-10-24T21:25:06Z">
          <reporter-output>
          </reporter-output>
        </test-method> <!-- FlightBooking -->
        <test-method status="PASS" signature="UseridGeneration()[pri:0, instance:packTwo.Annotations@14bf9759]" name="UseridGeneration" is-config="true" duration-ms="0" started-at="2016-10-24T21:25:06Z" finished-at="2016-10-24T21:25:06Z">
          <reporter-output>
          </reporter-output>
        </test-method> <!-- UseridGeneration -->
        <test-method status="PASS" signature="Reportadding()[pri:0, instance:packTwo.Annotations@14bf9759]" name="Reportadding" is-config="true" duration-ms="0" started-at="2016-10-24T21:25:06Z" finished-at="2016-10-24T21:25:06Z">
          <reporter-output>
          </reporter-output>
        </test-method> <!-- Reportadding -->
        <test-method status="PASS" signature="UseridGeneration()[pri:0, instance:packTwo.Annotations@14bf9759]" name="UseridGeneration" is-config="true" duration-ms="0" started-at="2016-10-24T21:25:06Z" finished-at="2016-10-24T21:25:06Z">
          <reporter-output>
          </reporter-output>
        </test-method> <!-- UseridGeneration -->
        <test-method status="PASS" signature="FlightCancel()[pri:0, instance:packTwo.Annotations@14bf9759]" name="FlightCancel" duration-ms="2" started-at="2016-10-24T21:25:06Z" finished-at="2016-10-24T21:25:06Z">
          <reporter-output>
          </reporter-output>
        </test-method> <!-- FlightCancel -->
        <test-method status="PASS" signature="UseridGeneration()[pri:0, instance:packTwo.Annotations@14bf9759]" name="UseridGeneration" is-config="true" duration-ms="0" started-at="2016-10-24T21:25:06Z" finished-at="2016-10-24T21:25:06Z">
          <reporter-output>
          </reporter-output>
        </test-method> <!-- UseridGeneration -->
        <test-method status="PASS" signature="Reportadding()[pri:0, instance:packTwo.Annotations@14bf9759]" name="Reportadding" is-config="true" duration-ms="0" started-at="2016-10-24T21:25:06Z" finished-at="2016-10-24T21:25:06Z">
          <reporter-output>
          </reporter-output>
        </test-method> <!-- Reportadding -->
        <test-method status="PASS" signature="OpeningBrowser()[pri:0, instance:packTwo.Annotations@14bf9759]" name="OpeningBrowser" duration-ms="2" started-at="2016-10-24T21:25:06Z" finished-at="2016-10-24T21:25:06Z">
          <reporter-output>
          </reporter-output>
        </test-method> <!-- OpeningBrowser -->
        <test-method status="PASS" signature="Reportadding()[pri:0, instance:packTwo.Annotations@14bf9759]" name="Reportadding" is-config="true" duration-ms="0" started-at="2016-10-24T21:25:06Z" finished-at="2016-10-24T21:25:06Z">
          <reporter-output>
          </reporter-output>
        </test-method> <!-- Reportadding -->
        <test-method status="PASS" signature="Cookiesclose()[pri:0, instance:packTwo.Annotations@14bf9759]" name="Cookiesclose" is-config="true" duration-ms="2" started-at="2016-10-24T21:25:06Z" finished-at="2016-10-24T21:25:06Z">
          <reporter-output>
          </reporter-output>
        </test-method> <!-- Cookiesclose -->
        <test-method status="PASS" signature="Cookiesclose()[pri:0, instance:testngFiles.Annotations@3c0ecd4b]" name="Cookiesclose" is-config="true" duration-ms="0" started-at="2016-10-24T21:25:06Z" finished-at="2016-10-24T21:25:06Z">
          <reporter-output>
          </reporter-output>
        </test-method> <!-- Cookiesclose -->
      </class> <!-- packTwo.Annotations -->
      <class name="testngFiles.DependenyAnnot">
        <test-method status="PASS" signature="OpeningBrowser()[pri:0, instance:testngFiles.DependenyAnnot@5f341870]" name="OpeningBrowser" duration-ms="3" started-at="2016-10-24T21:25:06Z" finished-at="2016-10-24T21:25:06Z">
          <reporter-output>
          </reporter-output>
        </test-method> <!-- OpeningBrowser -->
        <test-method status="PASS" signature="Timerelated()[pri:0, instance:testngFiles.DependenyAnnot@5f341870]" name="Timerelated" duration-ms="9" started-at="2016-10-24T21:25:06Z" finished-at="2016-10-24T21:25:06Z">
          <reporter-output>
          </reporter-output>
        </test-method> <!-- Timerelated -->
        <test-method status="PASS" signature="FlightBooking()[pri:0, instance:testngFiles.DependenyAnnot@5f341870]" name="FlightBooking" duration-ms="3" started-at="2016-10-24T21:25:06Z" depends-on-methods="testngFiles.DependenyAnnot.OpeningBrowser" finished-at="2016-10-24T21:25:06Z">
          <reporter-output>
          </reporter-output>
        </test-method> <!-- FlightBooking -->
      </class> <!-- testngFiles.DependenyAnnot -->
      <class name="packTwo.DependenyAnnot">
        <test-method status="PASS" signature="OpeningBrowser()[pri:0, instance:packTwo.DependenyAnnot@553f17c]" name="OpeningBrowser" duration-ms="2" started-at="2016-10-24T21:25:06Z" finished-at="2016-10-24T21:25:06Z">
          <reporter-output>
          </reporter-output>
        </test-method> <!-- OpeningBrowser -->
        <test-method status="PASS" signature="Timerelated()[pri:0, instance:packTwo.DependenyAnnot@553f17c]" name="Timerelated" duration-ms="2" started-at="2016-10-24T21:25:06Z" finished-at="2016-10-24T21:25:06Z">
          <reporter-output>
          </reporter-output>
        </test-method> <!-- Timerelated -->
        <test-method status="PASS" signature="FlightBooking()[pri:0, instance:packTwo.DependenyAnnot@553f17c]" name="FlightBooking" duration-ms="2" started-at="2016-10-24T21:25:06Z" depends-on-methods="packTwo.DependenyAnnot.OpeningBrowser" finished-at="2016-10-24T21:25:06Z">
          <reporter-output>
          </reporter-output>
        </test-method> <!-- FlightBooking -->
      </class> <!-- packTwo.DependenyAnnot -->
    </test> <!-- Smoke Testcases -->
  </suite> <!-- Automatio Test -->
</testng-results>
