<?xml version="1.0" encoding="UTF-8"?>
<!-- Generated by org.testng.reporters.JUnitXMLReporter -->
<testsuite hostname="Guanmings-MacBook-Pro.local" name="Smoke Testcases" tests="3" failures="0" timestamp="25 Oct 2016 04:52:55 GMT" time="0.016" errors="0">
  <testcase name="FlightBooking" time="0.001" classname="testngFiles.Annotations"/>
  <testcase name="OpeningBrowser" time="0.0" classname="testngFiles.Annotations"/>
  <testcase name="software" time="0.0" classname="testngFiles.Annot2"/>
</testsuite> <!-- Smoke Testcases -->
